Determining if the pthread_create exist failed with the following output:
Change Dir: /home/maxima/FSTD_SLAM/packages/velodyne_cone_detector/cmake-build-release/CMakeFiles/CMakeTmp

Run Build Command:"/usr/bin/make" "cmTC_c8f83/fast"
/usr/bin/make -f CMakeFiles/cmTC_c8f83.dir/build.make CMakeFiles/cmTC_c8f83.dir/build
make[1]: Entering directory '/home/maxima/FSTD_SLAM/packages/velodyne_cone_detector/cmake-build-release/CMakeFiles/CMakeTmp'
Building C object CMakeFiles/cmTC_c8f83.dir/CheckSymbolExists.c.o
/usr/bin/cc    -o CMakeFiles/cmTC_c8f83.dir/CheckSymbolExists.c.o   -c /home/maxima/FSTD_SLAM/packages/velodyne_cone_detector/cmake-build-release/CMakeFiles/CMakeTmp/CheckSymbolExists.c
Linking C executable cmTC_c8f83
/opt/clion-2018.3.1/bin/cmake/linux/bin/cmake -E cmake_link_script CMakeFiles/cmTC_c8f83.dir/link.txt --verbose=1
/usr/bin/cc      -rdynamic CMakeFiles/cmTC_c8f83.dir/CheckSymbolExists.c.o  -o cmTC_c8f83 
CMakeFiles/cmTC_c8f83.dir/CheckSymbolExists.c.o: In function `main':
CheckSymbolExists.c:(.text+0x16): undefined reference to `pthread_create'
collect2: error: ld returned 1 exit status
CMakeFiles/cmTC_c8f83.dir/build.make:86: recipe for target 'cmTC_c8f83' failed
make[1]: *** [cmTC_c8f83] Error 1
make[1]: Leaving directory '/home/maxima/FSTD_SLAM/packages/velodyne_cone_detector/cmake-build-release/CMakeFiles/CMakeTmp'
Makefile:121: recipe for target 'cmTC_c8f83/fast' failed
make: *** [cmTC_c8f83/fast] Error 2

File /home/maxima/FSTD_SLAM/packages/velodyne_cone_detector/cmake-build-release/CMakeFiles/CMakeTmp/CheckSymbolExists.c:
/* */
#include <pthread.h>

int main(int argc, char** argv)
{
  (void)argv;
#ifndef pthread_create
  return ((int*)(&pthread_create))[argc];
#else
  (void)argc;
  return 0;
#endif
}

Determining if the function pthread_create exists in the pthreads failed with the following output:
Change Dir: /home/maxima/FSTD_SLAM/packages/velodyne_cone_detector/cmake-build-release/CMakeFiles/CMakeTmp

Run Build Command:"/usr/bin/make" "cmTC_22d5d/fast"
/usr/bin/make -f CMakeFiles/cmTC_22d5d.dir/build.make CMakeFiles/cmTC_22d5d.dir/build
make[1]: Entering directory '/home/maxima/FSTD_SLAM/packages/velodyne_cone_detector/cmake-build-release/CMakeFiles/CMakeTmp'
Building C object CMakeFiles/cmTC_22d5d.dir/CheckFunctionExists.c.o
/usr/bin/cc   -DCHECK_FUNCTION_EXISTS=pthread_create   -o CMakeFiles/cmTC_22d5d.dir/CheckFunctionExists.c.o   -c /opt/clion-2018.3.1/bin/cmake/linux/share/cmake-3.13/Modules/CheckFunctionExists.c
Linking C executable cmTC_22d5d
/opt/clion-2018.3.1/bin/cmake/linux/bin/cmake -E cmake_link_script CMakeFiles/cmTC_22d5d.dir/link.txt --verbose=1
/usr/bin/cc  -DCHECK_FUNCTION_EXISTS=pthread_create    -rdynamic CMakeFiles/cmTC_22d5d.dir/CheckFunctionExists.c.o  -o cmTC_22d5d -lpthreads 
/usr/bin/ld: cannot find -lpthreads
collect2: error: ld returned 1 exit status
CMakeFiles/cmTC_22d5d.dir/build.make:86: recipe for target 'cmTC_22d5d' failed
make[1]: *** [cmTC_22d5d] Error 1
make[1]: Leaving directory '/home/maxima/FSTD_SLAM/packages/velodyne_cone_detector/cmake-build-release/CMakeFiles/CMakeTmp'
Makefile:121: recipe for target 'cmTC_22d5d/fast' failed
make: *** [cmTC_22d5d/fast] Error 2


